app/build/intermediates/manifest_merge_blame_file/release/manifest-merger-blame-release-report.txt
1<?xml version="1.0" encoding="utf-8"?>
2<manifest xmlns:android="http://schemas.android.com/apk/res/android"
3    package="com.smartguard.app"
4    android:versionCode="1"
5    android:versionName="1.0" >
6
7    <uses-sdk
8        android:minSdkVersion="24"
9        android:targetSdkVersion="34" />
10
11    <uses-permission android:name="android.permission.CAMERA" />
11-->src/main/AndroidManifest.xml:5:5-65
11-->src/main/AndroidManifest.xml:5:22-62
12    <uses-permission android:name="android.permission.ACCESS_FINE_LOCATION" />
12-->src/main/AndroidManifest.xml:6:5-79
12-->src/main/AndroidManifest.xml:6:22-76
13    <uses-permission android:name="android.permission.ACCESS_COARSE_LOCATION" />
13-->src/main/AndroidManifest.xml:7:5-81
13-->src/main/AndroidManifest.xml:7:22-78
14    <uses-permission android:name="android.permission.FOREGROUND_SERVICE" />
14-->src/main/AndroidManifest.xml:8:5-77
14-->src/main/AndroidManifest.xml:8:22-74
15    <uses-permission android:name="android.permission.FOREGROUND_SERVICE_LOCATION" />
15-->src/main/AndroidManifest.xml:9:5-86
15-->src/main/AndroidManifest.xml:9:22-83
16    <uses-permission android:name="android.permission.FOREGROUND_SERVICE_CAMERA" />
16-->src/main/AndroidManifest.xml:10:5-84
16-->src/main/AndroidManifest.xml:10:22-81
17    <uses-permission android:name="android.permission.FOREGROUND_SERVICE_MEDIA_PLAYBACK" />
17-->src/main/AndroidManifest.xml:11:5-92
17-->src/main/AndroidManifest.xml:11:22-89
18    <uses-permission android:name="android.permission.POST_NOTIFICATIONS" />
18-->src/main/AndroidManifest.xml:12:5-77
18-->src/main/AndroidManifest.xml:12:22-74
19    <uses-permission android:name="android.permission.INTERNET" />
19-->src/main/AndroidManifest.xml:13:5-67
19-->src/main/AndroidManifest.xml:13:22-64
20    <uses-permission android:name="android.permission.ACCESS_NETWORK_STATE" />
20-->src/main/AndroidManifest.xml:14:5-79
20-->src/main/AndroidManifest.xml:14:22-76
21    <uses-permission android:name="android.permission.ACCESS_WIFI_STATE" />
21-->src/main/AndroidManifest.xml:15:5-76
21-->src/main/AndroidManifest.xml:15:22-73
22    <uses-permission android:name="android.permission.CHANGE_WIFI_STATE" />
22-->src/main/AndroidManifest.xml:16:5-76
22-->src/main/AndroidManifest.xml:16:22-73
23    <uses-permission android:name="android.permission.RECEIVE_BOOT_COMPLETED" />
23-->src/main/AndroidManifest.xml:17:5-81
23-->src/main/AndroidManifest.xml:17:22-78
24
25    <queries>
25-->[androidx.camera:camera-extensions:1.4.2] AndroidManifest.xml:22:5-26:15
26        <intent>
26-->[androidx.camera:camera-extensions:1.4.2] AndroidManifest.xml:23:9-25:18
27            <action android:name="androidx.camera.extensions.action.VENDOR_ACTION" />
27-->[androidx.camera:camera-extensions:1.4.2] AndroidManifest.xml:24:13-86
27-->[androidx.camera:camera-extensions:1.4.2] AndroidManifest.xml:24:21-83
28        </intent>
29    </queries>
30
31    <permission
31-->[androidx.core:core:1.12.0] AndroidManifest.xml:22:5-24:47
32        android:name="com.smartguard.app.DYNAMIC_RECEIVER_NOT_EXPORTED_PERMISSION"
32-->[androidx.core:core:1.12.0] AndroidManifest.xml:23:9-81
33        android:protectionLevel="signature" />
33-->[androidx.core:core:1.12.0] AndroidManifest.xml:24:9-44
34
35    <uses-permission android:name="com.smartguard.app.DYNAMIC_RECEIVER_NOT_EXPORTED_PERMISSION" />
35-->[androidx.core:core:1.12.0] AndroidManifest.xml:26:5-97
35-->[androidx.core:core:1.12.0] AndroidManifest.xml:26:22-94
36
37    <application
37-->src/main/AndroidManifest.xml:19:5-74:19
38        android:allowBackup="true"
38-->src/main/AndroidManifest.xml:20:9-35
39        android:appComponentFactory="androidx.core.app.CoreComponentFactory"
39-->[androidx.core:core:1.12.0] AndroidManifest.xml:28:18-86
40        android:extractNativeLibs="false"
41        android:icon="@android:mipmap/sym_def_app_icon"
41-->src/main/AndroidManifest.xml:21:9-56
42        android:label="@string/app_name"
42-->src/main/AndroidManifest.xml:22:9-41
43        android:roundIcon="@android:mipmap/sym_def_app_icon"
43-->src/main/AndroidManifest.xml:23:9-61
44        android:supportsRtl="true"
44-->src/main/AndroidManifest.xml:24:9-35
45        android:theme="@style/Theme.SmartGuard" >
45-->src/main/AndroidManifest.xml:25:9-48
46        <activity
46-->src/main/AndroidManifest.xml:27:9-34:20
47            android:name="com.smartguard.app.activities.MainActivity"
47-->src/main/AndroidManifest.xml:28:13-52
48            android:exported="true" >
48-->src/main/AndroidManifest.xml:29:13-36
49            <intent-filter>
49-->src/main/AndroidManifest.xml:30:13-33:29
50                <action android:name="android.intent.action.MAIN" />
50-->src/main/AndroidManifest.xml:31:17-69
50-->src/main/AndroidManifest.xml:31:25-66
51
52                <category android:name="android.intent.category.LAUNCHER" />
52-->src/main/AndroidManifest.xml:32:17-77
52-->src/main/AndroidManifest.xml:32:27-74
53            </intent-filter>
54        </activity>
55        <activity android:name="com.smartguard.app.activities.HistoryActivity" />
55-->src/main/AndroidManifest.xml:36:9-64
55-->src/main/AndroidManifest.xml:36:19-61
56        <activity android:name="com.smartguard.app.activities.SecurityDashboardActivity" />
56-->src/main/AndroidManifest.xml:37:9-74
56-->src/main/AndroidManifest.xml:37:19-71
57        <activity android:name="com.smartguard.app.activities.SettingsActivity" />
57-->src/main/AndroidManifest.xml:38:9-65
57-->src/main/AndroidManifest.xml:38:19-62
58
59        <!-- Motion Detection Service -->
60        <service
60-->src/main/AndroidManifest.xml:41:9-45:77
61            android:name="com.smartguard.app.service.MotionDetectionService"
61-->src/main/AndroidManifest.xml:42:13-59
62            android:enabled="true"
62-->src/main/AndroidManifest.xml:43:13-35
63            android:exported="false"
63-->src/main/AndroidManifest.xml:44:13-37
64            android:foregroundServiceType="location|camera|mediaPlayback" />
64-->src/main/AndroidManifest.xml:45:13-74
65
66        <!-- Anti-Theft Service -->
67        <service
67-->src/main/AndroidManifest.xml:48:9-52:77
68            android:name="com.smartguard.app.service.AntiTheftService"
68-->src/main/AndroidManifest.xml:49:13-53
69            android:enabled="true"
69-->src/main/AndroidManifest.xml:50:13-35
70            android:exported="false"
70-->src/main/AndroidManifest.xml:51:13-37
71            android:foregroundServiceType="location|camera|mediaPlayback" />
71-->src/main/AndroidManifest.xml:52:13-74
72
73        <!-- Shutdown Prevention Service -->
74        <service
74-->src/main/AndroidManifest.xml:55:9-59:63
75            android:name="com.smartguard.app.service.ShutdownPreventionService"
75-->src/main/AndroidManifest.xml:56:13-62
76            android:enabled="true"
76-->src/main/AndroidManifest.xml:57:13-35
77            android:exported="false"
77-->src/main/AndroidManifest.xml:58:13-37
78            android:foregroundServiceType="location|camera" />
78-->src/main/AndroidManifest.xml:59:13-60
79
80        <!-- Device Admin Receiver for Failed Password Detection -->
81        <receiver
81-->src/main/AndroidManifest.xml:62:9-72:20
82            android:name="com.smartguard.app.receiver.FailedLoginReceiver"
82-->src/main/AndroidManifest.xml:63:13-57
83            android:exported="true"
83-->src/main/AndroidManifest.xml:64:13-36
84            android:permission="android.permission.BIND_DEVICE_ADMIN" >
84-->src/main/AndroidManifest.xml:65:13-70
85            <meta-data
85-->src/main/AndroidManifest.xml:66:13-68:56
86                android:name="android.app.device_admin"
86-->src/main/AndroidManifest.xml:67:17-56
87                android:resource="@xml/device_admin" />
87-->src/main/AndroidManifest.xml:68:17-53
88
89            <intent-filter>
89-->src/main/AndroidManifest.xml:69:13-71:29
90                <action android:name="android.app.action.DEVICE_ADMIN_ENABLED" />
90-->src/main/AndroidManifest.xml:70:17-82
90-->src/main/AndroidManifest.xml:70:25-79
91            </intent-filter>
92        </receiver>
93
94        <uses-library
94-->[androidx.camera:camera-extensions:1.4.2] AndroidManifest.xml:29:9-31:40
95            android:name="androidx.camera.extensions.impl"
95-->[androidx.camera:camera-extensions:1.4.2] AndroidManifest.xml:30:13-59
96            android:required="false" />
96-->[androidx.camera:camera-extensions:1.4.2] AndroidManifest.xml:31:13-37
97
98        <service
98-->[androidx.camera:camera-camera2:1.4.2] AndroidManifest.xml:24:9-33:19
99            android:name="androidx.camera.core.impl.MetadataHolderService"
99-->[androidx.camera:camera-camera2:1.4.2] AndroidManifest.xml:25:13-75
100            android:enabled="false"
100-->[androidx.camera:camera-camera2:1.4.2] AndroidManifest.xml:26:13-36
101            android:exported="false" >
101-->[androidx.camera:camera-camera2:1.4.2] AndroidManifest.xml:27:13-37
102            <meta-data
102-->[androidx.camera:camera-camera2:1.4.2] AndroidManifest.xml:30:13-32:89
103                android:name="androidx.camera.core.impl.MetadataHolderService.DEFAULT_CONFIG_PROVIDER"
103-->[androidx.camera:camera-camera2:1.4.2] AndroidManifest.xml:31:17-103
104                android:value="androidx.camera.camera2.Camera2Config$DefaultProvider" />
104-->[androidx.camera:camera-camera2:1.4.2] AndroidManifest.xml:32:17-86
105        </service>
106
107        <provider
107-->[androidx.emoji2:emoji2:1.2.0] AndroidManifest.xml:24:9-32:20
108            android:name="androidx.startup.InitializationProvider"
108-->[androidx.emoji2:emoji2:1.2.0] AndroidManifest.xml:25:13-67
109            android:authorities="com.smartguard.app.androidx-startup"
109-->[androidx.emoji2:emoji2:1.2.0] AndroidManifest.xml:26:13-68
110            android:exported="false" >
110-->[androidx.emoji2:emoji2:1.2.0] AndroidManifest.xml:27:13-37
111            <meta-data
111-->[androidx.emoji2:emoji2:1.2.0] AndroidManifest.xml:29:13-31:52
112                android:name="androidx.emoji2.text.EmojiCompatInitializer"
112-->[androidx.emoji2:emoji2:1.2.0] AndroidManifest.xml:30:17-75
113                android:value="androidx.startup" />
113-->[androidx.emoji2:emoji2:1.2.0] AndroidManifest.xml:31:17-49
114            <meta-data
114-->[androidx.lifecycle:lifecycle-process:2.7.0] AndroidManifest.xml:29:13-31:52
115                android:name="androidx.lifecycle.ProcessLifecycleInitializer"
115-->[androidx.lifecycle:lifecycle-process:2.7.0] AndroidManifest.xml:30:17-78
116                android:value="androidx.startup" />
116-->[androidx.lifecycle:lifecycle-process:2.7.0] AndroidManifest.xml:31:17-49
117            <meta-data
117-->[androidx.profileinstaller:profileinstaller:1.3.0] AndroidManifest.xml:29:13-31:52
118                android:name="androidx.profileinstaller.ProfileInstallerInitializer"
118-->[androidx.profileinstaller:profileinstaller:1.3.0] AndroidManifest.xml:30:17-85
119                android:value="androidx.startup" />
119-->[androidx.profileinstaller:profileinstaller:1.3.0] AndroidManifest.xml:31:17-49
120        </provider>
121
122        <activity
122-->[com.google.android.gms:play-services-base:18.5.0] AndroidManifest.xml:5:9-173
123            android:name="com.google.android.gms.common.api.GoogleApiActivity"
123-->[com.google.android.gms:play-services-base:18.5.0] AndroidManifest.xml:5:19-85
124            android:exported="false"
124-->[com.google.android.gms:play-services-base:18.5.0] AndroidManifest.xml:5:146-170
125            android:theme="@android:style/Theme.Translucent.NoTitleBar" />
125-->[com.google.android.gms:play-services-base:18.5.0] AndroidManifest.xml:5:86-145
126
127        <service
127-->[androidx.room:room-runtime-android:2.8.4] AndroidManifest.xml:24:9-28:63
128            android:name="androidx.room.MultiInstanceInvalidationService"
128-->[androidx.room:room-runtime-android:2.8.4] AndroidManifest.xml:25:13-74
129            android:directBootAware="true"
129-->[androidx.room:room-runtime-android:2.8.4] AndroidManifest.xml:26:13-43
130            android:exported="false" />
130-->[androidx.room:room-runtime-android:2.8.4] AndroidManifest.xml:27:13-37
131
132        <meta-data
132-->[com.google.android.gms:play-services-basement:18.4.0] AndroidManifest.xml:6:9-122
133            android:name="com.google.android.gms.version"
133-->[com.google.android.gms:play-services-basement:18.4.0] AndroidManifest.xml:6:20-65
134            android:value="@integer/google_play_services_version" />
134-->[com.google.android.gms:play-services-basement:18.4.0] AndroidManifest.xml:6:66-119
135
136        <receiver
136-->[androidx.profileinstaller:profileinstaller:1.3.0] AndroidManifest.xml:34:9-52:20
137            android:name="androidx.profileinstaller.ProfileInstallReceiver"
137-->[androidx.profileinstaller:profileinstaller:1.3.0] AndroidManifest.xml:35:13-76
138            android:directBootAware="false"
138-->[androidx.profileinstaller:profileinstaller:1.3.0] AndroidManifest.xml:36:13-44
139            android:enabled="true"
139-->[androidx.profileinstaller:profileinstaller:1.3.0] AndroidManifest.xml:37:13-35
140            android:exported="true"
140-->[androidx.profileinstaller:profileinstaller:1.3.0] AndroidManifest.xml:38:13-36
141            android:permission="android.permission.DUMP" >
141-->[androidx.profileinstaller:profileinstaller:1.3.0] AndroidManifest.xml:39:13-57
142            <intent-filter>
142-->[androidx.profileinstaller:profileinstaller:1.3.0] AndroidManifest.xml:40:13-42:29
143                <action android:name="androidx.profileinstaller.action.INSTALL_PROFILE" />
143-->[androidx.profileinstaller:profileinstaller:1.3.0] AndroidManifest.xml:41:17-91
143-->[androidx.profileinstaller:profileinstaller:1.3.0] AndroidManifest.xml:41:25-88
144            </intent-filter>
145            <intent-filter>
145-->[androidx.profileinstaller:profileinstaller:1.3.0] AndroidManifest.xml:43:13-45:29
146                <action android:name="androidx.profileinstaller.action.SKIP_FILE" />
146-->[androidx.profileinstaller:profileinstaller:1.3.0] AndroidManifest.xml:44:17-85
146-->[androidx.profileinstaller:profileinstaller:1.3.0] AndroidManifest.xml:44:25-82
147            </intent-filter>
148            <intent-filter>
148-->[androidx.profileinstaller:profileinstaller:1.3.0] AndroidManifest.xml:46:13-48:29
149                <action android:name="androidx.profileinstaller.action.SAVE_PROFILE" />
149-->[androidx.profileinstaller:profileinstaller:1.3.0] AndroidManifest.xml:47:17-88
149-->[androidx.profileinstaller:profileinstaller:1.3.0] AndroidManifest.xml:47:25-85
150            </intent-filter>
151            <intent-filter>
151-->[androidx.profileinstaller:profileinstaller:1.3.0] AndroidManifest.xml:49:13-51:29
152                <action android:name="androidx.profileinstaller.action.BENCHMARK_OPERATION" />
152-->[androidx.profileinstaller:profileinstaller:1.3.0] AndroidManifest.xml:50:17-95
152-->[androidx.profileinstaller:profileinstaller:1.3.0] AndroidManifest.xml:50:25-92
153            </intent-filter>
154        </receiver>
155    </application>
156
157</manifest>